<?xml version="1.0" encoding="UTF-8"?>
<!-- Generated by org.testng.reporters.JUnitXMLReporter -->
<testsuite ignored="0" hostname="weboniselab" failures="0" tests="1" name="Login" time="75.538" errors="0" timestamp="09 Jan 2018 10:30:09 GMT">
  <testcase classname="org.webonise.automation.core.WeboAutomation" name="@AfterTest testEnd" time="0.036">
    <failure type="java.lang.NullPointerException">
      <![CDATA[java.lang.NullPointerExceptionat com.relevantcodes.extentreports.AbstractLog.endTest(AbstractLog.java:120)at com.relevantcodes.extentreports.ExtentReports.endTest(ExtentReports.java:111)at org.webonise.automation.core.WeboAutomation.testEnd(WeboAutomation.java:216)... Removed 24 stack frames]]>
    </failure>
  </testcase> <!-- @AfterTest testEnd -->
  <testcase classname="org.webonise.gofaceoff.java.Login" name="login" time="0.013"/>
</testsuite> <!-- Login -->
