<?xml version="1.0" encoding="UTF-8"?>
<!-- Generated by org.testng.reporters.JUnitXMLReporter -->
<testsuite ignored="0" hostname="weboniselab" failures="1" tests="6" name="Login" time="106.003" errors="0" timestamp="11 Jan 2018 09:40:00 GMT">
  <testcase classname="org.webonise.gofaceoff.java.Login" name="validEmailLogin" time="24.219">
    <failure type="java.lang.AssertionError" message="Error. Username does not appear first. expected [true] but found [false]">
      <![CDATA[java.lang.AssertionError: Error. Username does not appear first. expected [true] but found [false]at org.webonise.gofaceoff.verificationPages.LoginVerification.verifyLoginAppearance(LoginVerification.java:15)at org.webonise.gofaceoff.java.Login.validEmailLogin(Login.java:22)... Removed 28 stack frames]]>
    </failure>
  </testcase> <!-- validEmailLogin -->
  <testcase classname="org.webonise.gofaceoff.java.Login" name="validUsernameLogin" time="21.557"/>
  <testcase classname="org.webonise.gofaceoff.java.Login" name="blankLoginCredentials" time="11.722"/>
  <testcase classname="org.webonise.gofaceoff.java.Login" name="invalidLogin" time="8.744"/>
  <testcase classname="org.webonise.gofaceoff.java.Login" name="isPasswordMasked" time="2.065"/>
  <testcase classname="org.webonise.gofaceoff.java.Login" name="loginThenClickBackLink" time="23.709"/>
</testsuite> <!-- Login -->
